android-twa/app/build/intermediates/manifest_merge_blame_file/release/manifest-merger-blame-release-report.txt
1<?xml version="1.0" encoding="utf-8"?>
2<manifest xmlns:android="http://schemas.android.com/apk/res/android"
3    package="app.swipego.lcbconnect"
4    android:versionCode="1"
5    android:versionName="1.0.0" >
6
7    <uses-sdk
8        android:minSdkVersion="24"
9        android:targetSdkVersion="34" />
10
11    <uses-permission android:name="android.permission.INTERNET" />
11-->src/main/AndroidManifest.xml:4:5-67
11-->src/main/AndroidManifest.xml:4:22-64
12
13    <queries>
13-->[com.google.androidbrowserhelper:androidbrowserhelper:2.5.0] AndroidManifest.xml:26:5-34:15
14        <intent>
14-->[com.google.androidbrowserhelper:androidbrowserhelper:2.5.0] AndroidManifest.xml:27:9-33:18
15            <action android:name="android.intent.action.VIEW" />
15-->src/main/AndroidManifest.xml:61:17-68
15-->src/main/AndroidManifest.xml:61:25-66
16
17            <category android:name="android.intent.category.BROWSABLE" />
17-->src/main/AndroidManifest.xml:63:17-77
17-->src/main/AndroidManifest.xml:63:27-75
18
19            <data android:scheme="https" />
19-->src/main/AndroidManifest.xml:64:23-45
20        </intent>
21    </queries>
22
23    <application
24        android:allowBackup="true"
24-->src/main/AndroidManifest.xml:7:9-35
25        android:appComponentFactory="androidx.core.app.CoreComponentFactory"
25-->[androidx.core:core:1.1.0] AndroidManifest.xml:24:18-86
26        android:extractNativeLibs="false"
27        android:icon="@mipmap/ic_launcher"
27-->src/main/AndroidManifest.xml:8:9-43
28        android:label="LCBconnect"
28-->src/main/AndroidManifest.xml:9:9-40
29        android:networkSecurityConfig="@xml/network_security_config"
29-->src/main/AndroidManifest.xml:12:9-69
30        android:supportsRtl="true"
30-->src/main/AndroidManifest.xml:10:9-35
31        android:theme="@style/Theme.LauncherTheme" >
31-->src/main/AndroidManifest.xml:11:9-51
32        <meta-data
33            android:name="asset_statements"
33-->src/main/AndroidManifest.xml:15:13-44
34            android:value="[{&quot;relation&quot;: [&quot;delegate_permission/common.handle_all_urls&quot;],&quot;target&quot;: {&quot;namespace&quot;: &quot;web&quot;, &quot;site&quot;: &quot;https://lcbconnect.swipego.app&quot;}}]" />
34-->src/main/AndroidManifest.xml:16:13-47
35
36        <activity
36-->src/main/AndroidManifest.xml:18:9-67:20
37            android:name="com.google.androidbrowserhelper.trusted.LauncherActivity"
37-->src/main/AndroidManifest.xml:19:13-84
38            android:exported="true"
38-->src/main/AndroidManifest.xml:20:13-36
39            android:screenOrientation="portrait" >
39-->src/main/AndroidManifest.xml:21:13-49
40            <meta-data
41                android:name="android.support.customtabs.trusted.DEFAULT_URL"
41-->src/main/AndroidManifest.xml:24:17-78
42                android:value="https://lcbconnect.swipego.app" />
42-->src/main/AndroidManifest.xml:25:17-46
43            <meta-data
43-->src/main/AndroidManifest.xml:27:13-29:58
44                android:name="android.support.customtabs.trusted.STATUS_BAR_COLOR"
44-->src/main/AndroidManifest.xml:28:17-83
45                android:resource="@color/colorPrimary" />
45-->src/main/AndroidManifest.xml:29:17-55
46            <meta-data
46-->src/main/AndroidManifest.xml:31:13-33:61
47                android:name="android.support.customtabs.trusted.NAVIGATION_BAR_COLOR"
47-->src/main/AndroidManifest.xml:32:17-87
48                android:resource="@color/navigationColor" />
48-->src/main/AndroidManifest.xml:33:17-58
49            <meta-data
49-->src/main/AndroidManifest.xml:35:13-37:68
50                android:name="android.support.customtabs.trusted.NAVIGATION_BAR_DIVIDER_COLOR"
50-->src/main/AndroidManifest.xml:36:17-95
51                android:resource="@color/navigationDividerColor" />
51-->src/main/AndroidManifest.xml:37:17-65
52            <meta-data
52-->src/main/AndroidManifest.xml:39:13-41:58
53                android:name="android.support.customtabs.trusted.SPLASH_IMAGE_DRAWABLE"
53-->src/main/AndroidManifest.xml:40:17-88
54                android:resource="@mipmap/ic_launcher" />
54-->src/main/AndroidManifest.xml:41:17-55
55            <meta-data
55-->src/main/AndroidManifest.xml:43:13-45:61
56                android:name="android.support.customtabs.trusted.SPLASH_SCREEN_BACKGROUND_COLOR"
56-->src/main/AndroidManifest.xml:44:17-97
57                android:resource="@color/backgroundColor" />
57-->src/main/AndroidManifest.xml:45:17-58
58            <meta-data
58-->src/main/AndroidManifest.xml:47:13-49:39
59                android:name="android.support.customtabs.trusted.SPLASH_SCREEN_FADE_OUT_DURATION"
59-->src/main/AndroidManifest.xml:48:17-98
60                android:value="300" />
60-->src/main/AndroidManifest.xml:49:17-36
61            <meta-data
62                android:name="android.support.customtabs.trusted.FILE_PROVIDER_AUTHORITY"
62-->src/main/AndroidManifest.xml:52:17-90
63                android:value="app.swipego.lcbconnect.fileprovider" />
63-->src/main/AndroidManifest.xml:53:17-62
64
65            <intent-filter>
65-->src/main/AndroidManifest.xml:55:13-58:29
66                <action android:name="android.intent.action.MAIN" />
66-->src/main/AndroidManifest.xml:56:17-69
66-->src/main/AndroidManifest.xml:56:25-66
67
68                <category android:name="android.intent.category.LAUNCHER" />
68-->src/main/AndroidManifest.xml:57:17-77
68-->src/main/AndroidManifest.xml:57:27-74
69            </intent-filter>
70            <intent-filter android:autoVerify="true" >
70-->src/main/AndroidManifest.xml:60:13-66:29
70-->src/main/AndroidManifest.xml:60:28-53
71                <action android:name="android.intent.action.VIEW" />
71-->src/main/AndroidManifest.xml:61:17-68
71-->src/main/AndroidManifest.xml:61:25-66
72
73                <category android:name="android.intent.category.DEFAULT" />
73-->src/main/AndroidManifest.xml:62:17-76
73-->src/main/AndroidManifest.xml:62:27-73
74                <category android:name="android.intent.category.BROWSABLE" />
74-->src/main/AndroidManifest.xml:63:17-77
74-->src/main/AndroidManifest.xml:63:27-75
75
76                <data
77                    android:host="lcbconnect.swipego.app"
77-->src/main/AndroidManifest.xml:65:21-47
78                    android:scheme="https" />
78-->src/main/AndroidManifest.xml:64:23-45
79            </intent-filter>
80        </activity>
81        <activity android:name="com.google.androidbrowserhelper.trusted.FocusActivity" />
81-->src/main/AndroidManifest.xml:69:9-90
81-->src/main/AndroidManifest.xml:69:19-87
82
83        <provider
84            android:name="com.google.androidbrowserhelper.trusted.TwaSharedFilesProvider"
84-->src/main/AndroidManifest.xml:72:13-90
85            android:authorities="app.swipego.lcbconnect.fileprovider"
85-->src/main/AndroidManifest.xml:73:13-64
86            android:exported="false"
86-->src/main/AndroidManifest.xml:74:13-37
87            android:grantUriPermissions="true" />
87-->src/main/AndroidManifest.xml:75:13-47
88    </application>
89
90</manifest>